# Logfile created on 2015-06-27 12:29:03 +0200 by logger.rb/44203
I, [2015-06-27T12:29:03.552710 #49987]  INFO -- : 0:  addressable (2.3.8) from /Users/meganfolsom/.rvm/rubies/ruby-2.1.0/lib/ruby/gems/2.1.0/specifications/addressable-2.3.8.gemspec
I, [2015-06-27T12:29:03.553035 #49987]  INFO -- : 0:  backports (3.6.4) from /Users/meganfolsom/.rvm/rubies/ruby-2.1.0/lib/ruby/gems/2.1.0/specifications/backports-3.6.4.gemspec
I, [2015-06-27T12:29:03.553297 #49987]  INFO -- : 0:  buftok (0.2.0) from /Users/meganfolsom/.rvm/rubies/ruby-2.1.0/lib/ruby/gems/2.1.0/specifications/buftok-0.2.0.gemspec
I, [2015-06-27T12:29:03.553566 #49987]  INFO -- : 0:  coffee-script-source (1.9.1.1) from /Users/meganfolsom/.rvm/rubies/ruby-2.1.0/lib/ruby/gems/2.1.0/specifications/coffee-script-source-1.9.1.1.gemspec
I, [2015-06-27T12:29:03.553817 #49987]  INFO -- : 0:  execjs (2.0.2) from /Users/meganfolsom/.rvm/rubies/ruby-2.1.0/lib/ruby/gems/2.1.0/specifications/execjs-2.0.2.gemspec
I, [2015-06-27T12:29:03.554061 #49987]  INFO -- : 0:  coffee-script (2.2.0) from /Users/meganfolsom/.rvm/rubies/ruby-2.1.0/lib/ruby/gems/2.1.0/specifications/coffee-script-2.2.0.gemspec
I, [2015-06-27T12:29:03.554305 #49987]  INFO -- : 0:  daemons (1.2.3) from /Users/meganfolsom/.rvm/rubies/ruby-2.1.0/lib/ruby/gems/2.1.0/specifications/daemons-1.2.3.gemspec
I, [2015-06-27T12:29:03.554549 #49987]  INFO -- : 0:  rack (1.5.5) from /Users/meganfolsom/.rvm/rubies/ruby-2.1.0/lib/ruby/gems/2.1.0/specifications/rack-1.5.5.gemspec
I, [2015-06-27T12:29:03.554824 #49987]  INFO -- : 0:  thread_safe (0.3.5) from /Users/meganfolsom/.rvm/rubies/ruby-2.1.0/lib/ruby/gems/2.1.0/specifications/thread_safe-0.3.5.gemspec
I, [2015-06-27T12:29:03.555077 #49987]  INFO -- : 0:  tzinfo (1.2.2) from /Users/meganfolsom/.rvm/rubies/ruby-2.1.0/lib/ruby/gems/2.1.0/specifications/tzinfo-1.2.2.gemspec
I, [2015-06-27T12:29:03.555331 #49987]  INFO -- : 0:  rufus-scheduler (2.0.24) from /Users/meganfolsom/.rvm/rubies/ruby-2.1.0/lib/ruby/gems/2.1.0/specifications/rufus-scheduler-2.0.24.gemspec
I, [2015-06-27T12:29:03.555605 #49987]  INFO -- : 0:  sass (3.2.19) from /Users/meganfolsom/.rvm/rubies/ruby-2.1.0/lib/ruby/gems/2.1.0/specifications/sass-3.2.19.gemspec
I, [2015-06-27T12:29:03.555847 #49987]  INFO -- : 0:  rack-protection (1.5.3) from /Users/meganfolsom/.rvm/rubies/ruby-2.1.0/lib/ruby/gems/2.1.0/specifications/rack-protection-1.5.3.gemspec
I, [2015-06-27T12:29:03.556076 #49987]  INFO -- : 0:  tilt (1.4.1) from /Users/meganfolsom/.rvm/rubies/ruby-2.1.0/lib/ruby/gems/2.1.0/specifications/tilt-1.4.1.gemspec
I, [2015-06-27T12:29:03.556323 #49987]  INFO -- : 0:  sinatra (1.4.6) from /Users/meganfolsom/.rvm/rubies/ruby-2.1.0/lib/ruby/gems/2.1.0/specifications/sinatra-1.4.6.gemspec
I, [2015-06-27T12:29:03.556593 #49987]  INFO -- : 0:  multi_json (1.11.1) from /Users/meganfolsom/.rvm/rubies/ruby-2.1.0/lib/ruby/gems/2.1.0/specifications/multi_json-1.11.1.gemspec
I, [2015-06-27T12:29:03.556798 #49987]  INFO -- : 0:  rack-test (0.6.3) from /Users/meganfolsom/.rvm/rubies/ruby-2.1.0/lib/ruby/gems/2.1.0/specifications/rack-test-0.6.3.gemspec
I, [2015-06-27T12:29:03.556990 #49987]  INFO -- : 0:  sinatra-contrib (1.4.4) from /Users/meganfolsom/.rvm/rubies/ruby-2.1.0/lib/ruby/gems/2.1.0/specifications/sinatra-contrib-1.4.4.gemspec
I, [2015-06-27T12:29:03.557188 #49987]  INFO -- : 0:  hike (1.2.3) from /Users/meganfolsom/.rvm/rubies/ruby-2.1.0/lib/ruby/gems/2.1.0/specifications/hike-1.2.3.gemspec
I, [2015-06-27T12:29:03.557381 #49987]  INFO -- : 0:  sprockets (2.10.1) from /Users/meganfolsom/.rvm/rubies/ruby-2.1.0/lib/ruby/gems/2.1.0/specifications/sprockets-2.10.1.gemspec
I, [2015-06-27T12:29:03.557569 #49987]  INFO -- : 0:  eventmachine (1.0.7) from /Users/meganfolsom/.rvm/rubies/ruby-2.1.0/lib/ruby/gems/2.1.0/specifications/eventmachine-1.0.7.gemspec
I, [2015-06-27T12:29:03.557764 #49987]  INFO -- : 0:  thin (1.6.3) from /Users/meganfolsom/.rvm/rubies/ruby-2.1.0/lib/ruby/gems/2.1.0/specifications/thin-1.6.3.gemspec
I, [2015-06-27T12:29:03.557963 #49987]  INFO -- : 0:  thor (0.18.1) from /Users/meganfolsom/.rvm/rubies/ruby-2.1.0/lib/ruby/gems/2.1.0/specifications/thor-0.18.1.gemspec
I, [2015-06-27T12:29:03.558172 #49987]  INFO -- : 0:  dashing (1.3.4) from /Users/meganfolsom/.rvm/rubies/ruby-2.1.0/lib/ruby/gems/2.1.0/specifications/dashing-1.3.4.gemspec
I, [2015-06-27T12:29:03.558367 #49987]  INFO -- : 0:  equalizer (0.0.11) from /Users/meganfolsom/.rvm/rubies/ruby-2.1.0/lib/ruby/gems/2.1.0/specifications/equalizer-0.0.11.gemspec
I, [2015-06-27T12:29:03.558560 #49987]  INFO -- : 0:  multipart-post (2.0.0) from /Users/meganfolsom/.rvm/rubies/ruby-2.1.0/lib/ruby/gems/2.1.0/specifications/multipart-post-2.0.0.gemspec
I, [2015-06-27T12:29:03.558758 #49987]  INFO -- : 0:  faraday (0.9.1) from /Users/meganfolsom/.rvm/rubies/ruby-2.1.0/lib/ruby/gems/2.1.0/specifications/faraday-0.9.1.gemspec
I, [2015-06-27T12:29:03.558957 #49987]  INFO -- : 0:  http_parser.rb (0.6.0) from /Users/meganfolsom/.rvm/rubies/ruby-2.1.0/lib/ruby/gems/2.1.0/specifications/http_parser.rb-0.6.0.gemspec
I, [2015-06-27T12:29:03.559151 #49987]  INFO -- : 0:  http (0.6.4) from /Users/meganfolsom/.rvm/rubies/ruby-2.1.0/lib/ruby/gems/2.1.0/specifications/http-0.6.4.gemspec
I, [2015-06-27T12:29:03.559347 #49987]  INFO -- : 0:  json (1.8.3) from /Users/meganfolsom/.rvm/rubies/ruby-2.1.0/lib/ruby/gems/2.1.0/specifications/json-1.8.3.gemspec
I, [2015-06-27T12:29:03.559540 #49987]  INFO -- : 0:  memoizable (0.4.2) from /Users/meganfolsom/.rvm/rubies/ruby-2.1.0/lib/ruby/gems/2.1.0/specifications/memoizable-0.4.2.gemspec
I, [2015-06-27T12:29:03.559735 #49987]  INFO -- : 0:  naught (1.0.0) from /Users/meganfolsom/.rvm/rubies/ruby-2.1.0/lib/ruby/gems/2.1.0/specifications/naught-1.0.0.gemspec
I, [2015-06-27T12:29:03.559918 #49987]  INFO -- : 0:  simple_oauth (0.3.1) from /Users/meganfolsom/.rvm/rubies/ruby-2.1.0/lib/ruby/gems/2.1.0/specifications/simple_oauth-0.3.1.gemspec
I, [2015-06-27T12:29:03.560099 #49987]  INFO -- : 0:  twitter (5.14.0) from /Users/meganfolsom/.rvm/rubies/ruby-2.1.0/lib/ruby/gems/2.1.0/specifications/twitter-5.14.0.gemspec
I, [2015-06-27T12:29:03.560270 #49987]  INFO -- : 0:  bundler (1.5.1) from /Users/meganfolsom/.rvm/rubies/ruby-2.1.0/lib/ruby/gems/2.1.0/specifications/bundler-1.5.1.gemspec
I, [2015-12-14T22:44:21.696314 #14442]  INFO -- : 0:  addressable (2.3.8) from /Users/meganfolsom/.rvm/rubies/ruby-2.1.0/lib/ruby/gems/2.1.0/specifications/addressable-2.3.8.gemspec
I, [2015-12-14T22:44:21.698790 #14442]  INFO -- : 0:  backports (3.6.4) from /Users/meganfolsom/.rvm/rubies/ruby-2.1.0/lib/ruby/gems/2.1.0/specifications/backports-3.6.4.gemspec
I, [2015-12-14T22:44:21.699028 #14442]  INFO -- : 0:  buftok (0.2.0) from /Users/meganfolsom/.rvm/rubies/ruby-2.1.0/lib/ruby/gems/2.1.0/specifications/buftok-0.2.0.gemspec
I, [2015-12-14T22:44:21.699263 #14442]  INFO -- : 0:  coffee-script-source (1.9.1.1) from /Users/meganfolsom/.rvm/rubies/ruby-2.1.0/lib/ruby/gems/2.1.0/specifications/coffee-script-source-1.9.1.1.gemspec
I, [2015-12-14T22:44:21.699548 #14442]  INFO -- : 0:  execjs (2.0.2) from /Users/meganfolsom/.rvm/rubies/ruby-2.1.0/lib/ruby/gems/2.1.0/specifications/execjs-2.0.2.gemspec
I, [2015-12-14T22:44:21.699763 #14442]  INFO -- : 0:  coffee-script (2.2.0) from /Users/meganfolsom/.rvm/rubies/ruby-2.1.0/lib/ruby/gems/2.1.0/specifications/coffee-script-2.2.0.gemspec
I, [2015-12-14T22:44:21.699965 #14442]  INFO -- : 0:  daemons (1.2.3) from /Users/meganfolsom/.rvm/rubies/ruby-2.1.0/lib/ruby/gems/2.1.0/specifications/daemons-1.2.3.gemspec
I, [2015-12-14T22:44:21.700197 #14442]  INFO -- : 0:  rack (1.5.5) from /Users/meganfolsom/.rvm/rubies/ruby-2.1.0/lib/ruby/gems/2.1.0/specifications/rack-1.5.5.gemspec
I, [2015-12-14T22:44:21.700401 #14442]  INFO -- : 0:  thread_safe (0.3.5) from /Users/meganfolsom/.rvm/rubies/ruby-2.1.0/lib/ruby/gems/2.1.0/specifications/thread_safe-0.3.5.gemspec
I, [2015-12-14T22:44:21.700597 #14442]  INFO -- : 0:  tzinfo (1.2.2) from /Users/meganfolsom/.rvm/rubies/ruby-2.1.0/lib/ruby/gems/2.1.0/specifications/tzinfo-1.2.2.gemspec
I, [2015-12-14T22:44:21.700790 #14442]  INFO -- : 0:  rufus-scheduler (2.0.24) from /Users/meganfolsom/.rvm/rubies/ruby-2.1.0/lib/ruby/gems/2.1.0/specifications/rufus-scheduler-2.0.24.gemspec
I, [2015-12-14T22:44:21.701064 #14442]  INFO -- : 0:  sass (3.2.19) from /Users/meganfolsom/.rvm/rubies/ruby-2.1.0/lib/ruby/gems/2.1.0/specifications/sass-3.2.19.gemspec
I, [2015-12-14T22:44:21.701304 #14442]  INFO -- : 0:  rack-protection (1.5.3) from /Users/meganfolsom/.rvm/rubies/ruby-2.1.0/lib/ruby/gems/2.1.0/specifications/rack-protection-1.5.3.gemspec
I, [2015-12-14T22:44:21.701533 #14442]  INFO -- : 0:  tilt (1.4.1) from /Users/meganfolsom/.rvm/rubies/ruby-2.1.0/lib/ruby/gems/2.1.0/specifications/tilt-1.4.1.gemspec
I, [2015-12-14T22:44:21.701791 #14442]  INFO -- : 0:  sinatra (1.4.6) from /Users/meganfolsom/.rvm/rubies/ruby-2.1.0/lib/ruby/gems/2.1.0/specifications/sinatra-1.4.6.gemspec
I, [2015-12-14T22:44:21.702023 #14442]  INFO -- : 0:  multi_json (1.11.1) from /Users/meganfolsom/.rvm/rubies/ruby-2.1.0/lib/ruby/gems/2.1.0/specifications/multi_json-1.11.1.gemspec
I, [2015-12-14T22:44:21.702233 #14442]  INFO -- : 0:  rack-test (0.6.3) from /Users/meganfolsom/.rvm/rubies/ruby-2.1.0/lib/ruby/gems/2.1.0/specifications/rack-test-0.6.3.gemspec
I, [2015-12-14T22:44:21.702425 #14442]  INFO -- : 0:  sinatra-contrib (1.4.4) from /Users/meganfolsom/.rvm/rubies/ruby-2.1.0/lib/ruby/gems/2.1.0/specifications/sinatra-contrib-1.4.4.gemspec
I, [2015-12-14T22:44:21.702608 #14442]  INFO -- : 0:  hike (1.2.3) from /Users/meganfolsom/.rvm/rubies/ruby-2.1.0/lib/ruby/gems/2.1.0/specifications/hike-1.2.3.gemspec
I, [2015-12-14T22:44:21.702796 #14442]  INFO -- : 0:  sprockets (2.10.1) from /Users/meganfolsom/.rvm/rubies/ruby-2.1.0/lib/ruby/gems/2.1.0/specifications/sprockets-2.10.1.gemspec
I, [2015-12-14T22:44:21.702985 #14442]  INFO -- : 0:  eventmachine (1.0.7) from /Users/meganfolsom/.rvm/rubies/ruby-2.1.0/lib/ruby/gems/2.1.0/specifications/eventmachine-1.0.7.gemspec
I, [2015-12-14T22:44:21.703165 #14442]  INFO -- : 0:  thin (1.6.3) from /Users/meganfolsom/.rvm/rubies/ruby-2.1.0/lib/ruby/gems/2.1.0/specifications/thin-1.6.3.gemspec
I, [2015-12-14T22:44:21.703346 #14442]  INFO -- : 0:  thor (0.18.1) from /Users/meganfolsom/.rvm/rubies/ruby-2.1.0/lib/ruby/gems/2.1.0/specifications/thor-0.18.1.gemspec
I, [2015-12-14T22:44:21.703535 #14442]  INFO -- : 0:  dashing (1.3.4) from /Users/meganfolsom/.rvm/rubies/ruby-2.1.0/lib/ruby/gems/2.1.0/specifications/dashing-1.3.4.gemspec
I, [2015-12-14T22:44:21.703720 #14442]  INFO -- : 0:  equalizer (0.0.11) from /Users/meganfolsom/.rvm/rubies/ruby-2.1.0/lib/ruby/gems/2.1.0/specifications/equalizer-0.0.11.gemspec
I, [2015-12-14T22:44:21.703908 #14442]  INFO -- : 0:  multipart-post (2.0.0) from /Users/meganfolsom/.rvm/rubies/ruby-2.1.0/lib/ruby/gems/2.1.0/specifications/multipart-post-2.0.0.gemspec
I, [2015-12-14T22:44:21.704210 #14442]  INFO -- : 0:  faraday (0.9.1) from /Users/meganfolsom/.rvm/rubies/ruby-2.1.0/lib/ruby/gems/2.1.0/specifications/faraday-0.9.1.gemspec
I, [2015-12-14T22:44:21.704530 #14442]  INFO -- : 0:  http_parser.rb (0.6.0) from /Users/meganfolsom/.rvm/rubies/ruby-2.1.0/lib/ruby/gems/2.1.0/specifications/http_parser.rb-0.6.0.gemspec
I, [2015-12-14T22:44:21.704796 #14442]  INFO -- : 0:  http (0.6.4) from /Users/meganfolsom/.rvm/rubies/ruby-2.1.0/lib/ruby/gems/2.1.0/specifications/http-0.6.4.gemspec
I, [2015-12-14T22:44:21.705088 #14442]  INFO -- : 0:  json (1.8.3) from /Users/meganfolsom/.rvm/rubies/ruby-2.1.0/lib/ruby/gems/2.1.0/specifications/json-1.8.3.gemspec
I, [2015-12-14T22:44:21.705332 #14442]  INFO -- : 0:  memoizable (0.4.2) from /Users/meganfolsom/.rvm/rubies/ruby-2.1.0/lib/ruby/gems/2.1.0/specifications/memoizable-0.4.2.gemspec
I, [2015-12-14T22:44:21.705538 #14442]  INFO -- : 0:  naught (1.0.0) from /Users/meganfolsom/.rvm/rubies/ruby-2.1.0/lib/ruby/gems/2.1.0/specifications/naught-1.0.0.gemspec
I, [2015-12-14T22:44:21.705739 #14442]  INFO -- : 0:  simple_oauth (0.3.1) from /Users/meganfolsom/.rvm/rubies/ruby-2.1.0/lib/ruby/gems/2.1.0/specifications/simple_oauth-0.3.1.gemspec
I, [2015-12-14T22:44:21.705933 #14442]  INFO -- : 0:  twitter (5.14.0) from /Users/meganfolsom/.rvm/rubies/ruby-2.1.0/lib/ruby/gems/2.1.0/specifications/twitter-5.14.0.gemspec
I, [2015-12-14T22:44:21.706180 #14442]  INFO -- : 0:  bundler (1.5.1) from /Users/meganfolsom/.rvm/rubies/ruby-2.1.0/lib/ruby/gems/2.1.0/specifications/bundler-1.5.1.gemspec
I, [2015-12-14T22:55:22.006485 #14633]  INFO -- : 0:  rake (10.4.2) from /Users/meganfolsom/.rvm/rubies/ruby-2.1.0/lib/ruby/gems/2.1.0/specifications/rake-10.4.2.gemspec
I, [2015-12-14T22:55:22.007465 #14633]  INFO -- : 0:  addressable (2.3.8) from /Users/meganfolsom/.rvm/rubies/ruby-2.1.0/lib/ruby/gems/2.1.0/specifications/addressable-2.3.8.gemspec
I, [2015-12-14T22:55:22.007816 #14633]  INFO -- : 0:  backports (3.6.4) from /Users/meganfolsom/.rvm/rubies/ruby-2.1.0/lib/ruby/gems/2.1.0/specifications/backports-3.6.4.gemspec
I, [2015-12-14T22:55:22.008104 #14633]  INFO -- : 0:  buftok (0.2.0) from /Users/meganfolsom/.rvm/rubies/ruby-2.1.0/lib/ruby/gems/2.1.0/specifications/buftok-0.2.0.gemspec
I, [2015-12-14T22:55:22.008388 #14633]  INFO -- : 0:  coffee-script-source (1.9.1.1) from /Users/meganfolsom/.rvm/rubies/ruby-2.1.0/lib/ruby/gems/2.1.0/specifications/coffee-script-source-1.9.1.1.gemspec
I, [2015-12-14T22:55:22.008715 #14633]  INFO -- : 0:  execjs (2.0.2) from /Users/meganfolsom/.rvm/rubies/ruby-2.1.0/lib/ruby/gems/2.1.0/specifications/execjs-2.0.2.gemspec
I, [2015-12-14T22:55:22.009000 #14633]  INFO -- : 0:  coffee-script (2.2.0) from /Users/meganfolsom/.rvm/rubies/ruby-2.1.0/lib/ruby/gems/2.1.0/specifications/coffee-script-2.2.0.gemspec
I, [2015-12-14T22:55:22.009280 #14633]  INFO -- : 0:  daemons (1.2.3) from /Users/meganfolsom/.rvm/rubies/ruby-2.1.0/lib/ruby/gems/2.1.0/specifications/daemons-1.2.3.gemspec
I, [2015-12-14T22:55:22.009615 #14633]  INFO -- : 0:  rack (1.5.5) from /Users/meganfolsom/.rvm/rubies/ruby-2.1.0/lib/ruby/gems/2.1.0/specifications/rack-1.5.5.gemspec
I, [2015-12-14T22:55:22.010034 #14633]  INFO -- : 0:  thread_safe (0.3.5) from /Users/meganfolsom/.rvm/rubies/ruby-2.1.0/lib/ruby/gems/2.1.0/specifications/thread_safe-0.3.5.gemspec
I, [2015-12-14T22:55:22.010345 #14633]  INFO -- : 0:  tzinfo (1.2.2) from /Users/meganfolsom/.rvm/rubies/ruby-2.1.0/lib/ruby/gems/2.1.0/specifications/tzinfo-1.2.2.gemspec
I, [2015-12-14T22:55:22.010667 #14633]  INFO -- : 0:  rufus-scheduler (2.0.24) from /Users/meganfolsom/.rvm/rubies/ruby-2.1.0/lib/ruby/gems/2.1.0/specifications/rufus-scheduler-2.0.24.gemspec
I, [2015-12-14T22:55:22.010917 #14633]  INFO -- : 0:  sass (3.2.19) from /Users/meganfolsom/.rvm/rubies/ruby-2.1.0/lib/ruby/gems/2.1.0/specifications/sass-3.2.19.gemspec
I, [2015-12-14T22:55:22.011161 #14633]  INFO -- : 0:  rack-protection (1.5.3) from /Users/meganfolsom/.rvm/rubies/ruby-2.1.0/lib/ruby/gems/2.1.0/specifications/rack-protection-1.5.3.gemspec
I, [2015-12-14T22:55:22.011424 #14633]  INFO -- : 0:  tilt (1.4.1) from /Users/meganfolsom/.rvm/rubies/ruby-2.1.0/lib/ruby/gems/2.1.0/specifications/tilt-1.4.1.gemspec
I, [2015-12-14T22:55:22.011670 #14633]  INFO -- : 0:  sinatra (1.4.6) from /Users/meganfolsom/.rvm/rubies/ruby-2.1.0/lib/ruby/gems/2.1.0/specifications/sinatra-1.4.6.gemspec
I, [2015-12-14T22:55:22.011943 #14633]  INFO -- : 0:  multi_json (1.11.1) from /Users/meganfolsom/.rvm/rubies/ruby-2.1.0/lib/ruby/gems/2.1.0/specifications/multi_json-1.11.1.gemspec
I, [2015-12-14T22:55:22.012198 #14633]  INFO -- : 0:  rack-test (0.6.3) from /Users/meganfolsom/.rvm/rubies/ruby-2.1.0/lib/ruby/gems/2.1.0/specifications/rack-test-0.6.3.gemspec
I, [2015-12-14T22:55:22.012441 #14633]  INFO -- : 0:  sinatra-contrib (1.4.4) from /Users/meganfolsom/.rvm/rubies/ruby-2.1.0/lib/ruby/gems/2.1.0/specifications/sinatra-contrib-1.4.4.gemspec
I, [2015-12-14T22:55:22.012709 #14633]  INFO -- : 0:  hike (1.2.3) from /Users/meganfolsom/.rvm/rubies/ruby-2.1.0/lib/ruby/gems/2.1.0/specifications/hike-1.2.3.gemspec
I, [2015-12-14T22:55:22.012966 #14633]  INFO -- : 0:  sprockets (2.10.1) from /Users/meganfolsom/.rvm/rubies/ruby-2.1.0/lib/ruby/gems/2.1.0/specifications/sprockets-2.10.1.gemspec
I, [2015-12-14T22:55:22.013212 #14633]  INFO -- : 0:  eventmachine (1.0.7) from /Users/meganfolsom/.rvm/rubies/ruby-2.1.0/lib/ruby/gems/2.1.0/specifications/eventmachine-1.0.7.gemspec
I, [2015-12-14T22:55:22.013463 #14633]  INFO -- : 0:  thin (1.6.3) from /Users/meganfolsom/.rvm/rubies/ruby-2.1.0/lib/ruby/gems/2.1.0/specifications/thin-1.6.3.gemspec
I, [2015-12-14T22:55:22.013702 #14633]  INFO -- : 0:  thor (0.18.1) from /Users/meganfolsom/.rvm/rubies/ruby-2.1.0/lib/ruby/gems/2.1.0/specifications/thor-0.18.1.gemspec
I, [2015-12-14T22:55:22.013942 #14633]  INFO -- : 0:  dashing (1.3.4) from /Users/meganfolsom/.rvm/rubies/ruby-2.1.0/lib/ruby/gems/2.1.0/specifications/dashing-1.3.4.gemspec
I, [2015-12-14T22:55:22.014184 #14633]  INFO -- : 0:  equalizer (0.0.11) from /Users/meganfolsom/.rvm/rubies/ruby-2.1.0/lib/ruby/gems/2.1.0/specifications/equalizer-0.0.11.gemspec
I, [2015-12-14T22:55:22.014427 #14633]  INFO -- : 0:  multipart-post (2.0.0) from /Users/meganfolsom/.rvm/rubies/ruby-2.1.0/lib/ruby/gems/2.1.0/specifications/multipart-post-2.0.0.gemspec
I, [2015-12-14T22:55:22.014655 #14633]  INFO -- : 0:  faraday (0.9.1) from /Users/meganfolsom/.rvm/rubies/ruby-2.1.0/lib/ruby/gems/2.1.0/specifications/faraday-0.9.1.gemspec
I, [2015-12-14T22:55:22.014944 #14633]  INFO -- : 0:  http_parser.rb (0.6.0) from /Users/meganfolsom/.rvm/rubies/ruby-2.1.0/lib/ruby/gems/2.1.0/specifications/http_parser.rb-0.6.0.gemspec
I, [2015-12-14T22:55:22.015180 #14633]  INFO -- : 0:  http (0.6.4) from /Users/meganfolsom/.rvm/rubies/ruby-2.1.0/lib/ruby/gems/2.1.0/specifications/http-0.6.4.gemspec
I, [2015-12-14T22:55:22.015420 #14633]  INFO -- : 0:  json (1.8.3) from /Users/meganfolsom/.rvm/rubies/ruby-2.1.0/lib/ruby/gems/2.1.0/specifications/json-1.8.3.gemspec
I, [2015-12-14T22:55:22.015660 #14633]  INFO -- : 0:  memoizable (0.4.2) from /Users/meganfolsom/.rvm/rubies/ruby-2.1.0/lib/ruby/gems/2.1.0/specifications/memoizable-0.4.2.gemspec
I, [2015-12-14T22:55:22.015896 #14633]  INFO -- : 0:  naught (1.0.0) from /Users/meganfolsom/.rvm/rubies/ruby-2.1.0/lib/ruby/gems/2.1.0/specifications/naught-1.0.0.gemspec
I, [2015-12-14T22:55:44.515055 #14633]  INFO -- : 0:  passenger (5.0.22) from /Users/meganfolsom/.rvm/rubies/ruby-2.1.0/lib/ruby/gems/2.1.0/specifications/passenger-5.0.22.gemspec
I, [2015-12-14T22:55:44.515629 #14633]  INFO -- : 0:  simple_oauth (0.3.1) from /Users/meganfolsom/.rvm/rubies/ruby-2.1.0/lib/ruby/gems/2.1.0/specifications/simple_oauth-0.3.1.gemspec
I, [2015-12-14T22:55:44.515976 #14633]  INFO -- : 0:  twitter (5.14.0) from /Users/meganfolsom/.rvm/rubies/ruby-2.1.0/lib/ruby/gems/2.1.0/specifications/twitter-5.14.0.gemspec
I, [2015-12-14T22:55:44.516397 #14633]  INFO -- : 0:  bundler (1.5.1) from /Users/meganfolsom/.rvm/rubies/ruby-2.1.0/lib/ruby/gems/2.1.0/specifications/bundler-1.5.1.gemspec
